<?xml version="1.0" encoding="UTF-8"?>
<!-- Generated by org.testng.reporters.JUnitReportReporter -->
<testsuite hostname="DESKTOP-1S8TIOT" failures="0" tests="1" name="com.orangehrm.admin.memberships.LeaveManageAutomateTest" time="5.967" errors="0" timestamp="2024-03-13T14:13:38 IST" skipped="0">
  <testcase classname="com.orangehrm.admin.memberships.LeaveManageAutomateTest" name="testToShowErrorWithEmptyName" time="5.967"/>
</testsuite> <!-- com.orangehrm.admin.memberships.LeaveManageAutomateTest -->
