<?xml version="1.0" encoding="UTF-8"?>
<!-- Generated by org.testng.reporters.JUnitReportReporter -->
<testsuite hostname="DESKTOP-QU7RCDU" failures="0" tests="1" name="com.orangehrm.admin.memberships.LeaveManageAutomateTest" time="8.235" errors="0" timestamp="2024-03-13T15:21:50 IST" skipped="0">
  <testcase classname="com.orangehrm.admin.memberships.LeaveManageAutomateTest" name="deleteMembershiptest" time="8.235"/>
</testsuite> <!-- com.orangehrm.admin.memberships.LeaveManageAutomateTest -->
