<?xml version="1.0" encoding="UTF-8"?>
<!-- Generated by org.testng.reporters.JUnitReportReporter -->
<testsuite hostname="DESKTOP-QU7RCDU" failures="0" tests="3" name="skillstest.SkillsTestAutomation" time="28.261" errors="0" timestamp="2024-03-15T12:04:11 IST" skipped="0">
  <testcase classname="skillstest.SkillsTestAutomation" name="editskillstest" time="10.340"/>
  <testcase classname="skillstest.SkillsTestAutomation" name="addSkillstest" time="10.053"/>
  <testcase classname="skillstest.SkillsTestAutomation" name="deletelocationstest" time="7.868"/>
</testsuite> <!-- skillstest.SkillsTestAutomation -->
