<?xml version="1.0" encoding="UTF-8"?>
<!-- Generated by org.testng.reporters.JUnitReportReporter -->
<testsuite hostname="DESKTOP-QU7RCDU" failures="0" tests="1" name="authentications.BasicAuthentication" time="6.418" errors="0" timestamp="2024-02-29T13:01:01 IST" skipped="0">
  <testcase classname="authentications.BasicAuthentication" name="testBasicAuthentication" time="6.418"/>
  <system-out/>
</testsuite> <!-- authentications.BasicAuthentication -->
