<?xml version="1.0" encoding="UTF-8"?>
<!-- Generated by org.testng.reporters.JUnitReportReporter -->
<testsuite hostname="DESKTOP-QU7RCDU" failures="0" tests="2" name="cookies.TestHeaders" time="3.896" errors="0" timestamp="2024-02-29T09:59:57 IST" skipped="0">
  <testcase classname="cookies.TestHeaders" name="testHeaders" time="2.531"/>
  <system-out/>
  <testcase classname="cookies.TestHeaders" name="getHeaders" time="1.365"/>
  <system-out/>
</testsuite> <!-- cookies.TestHeaders -->
