<?xml version="1.0" encoding="UTF-8"?>
<!-- Generated by org.testng.reporters.JUnitReportReporter -->
<testsuite hostname="DESKTOP-QU7RCDU" failures="0" tests="1" name="parsing.ParsingJsonResponse" time="1.957" errors="0" timestamp="2024-02-29T11:17:18 IST" skipped="0">
  <testcase classname="parsing.ParsingJsonResponse" name="TestJsonRespons" time="1.957"/>
  <system-out/>
</testsuite> <!-- parsing.ParsingJsonResponse -->
