<?xml version="1.0" encoding="UTF-8"?>
<!-- Generated by org.testng.reporters.JUnitReportReporter -->
<testsuite hostname="DESKTOP-QU7RCDU" failures="0" tests="1" name="cookies.CookiesDemo" time="2.226" errors="0" timestamp="2024-02-29T10:08:13 IST" skipped="0">
  <testcase classname="cookies.CookiesDemo" name="getCookieInfo" time="2.226"/>
  <system-out/>
</testsuite> <!-- cookies.CookiesDemo -->
