<?xml version="1.0" encoding="UTF-8"?>
<!-- Generated by org.testng.reporters.JUnitReportReporter -->
<testsuite hostname="DESKTOP-QU7RCDU" failures="0" tests="2" name="restassuredtraining.CookiesDemo" time="2.988" errors="0" timestamp="2024-02-29T09:56:14 IST" skipped="0">
  <testcase classname="restassuredtraining.CookiesDemo" name="getCookieInfo" time="2.153"/>
  <system-out/>
  <testcase classname="restassuredtraining.CookiesDemo" name="testCookies" time="0.835"/>
  <system-out/>
</testsuite> <!-- restassuredtraining.CookiesDemo -->
