<?xml version="1.0" encoding="UTF-8"?>
<!-- Generated by org.testng.reporters.JUnitReportReporter -->
<testsuite hostname="DESKTOP-QU7RCDU" failures="0" tests="1" name="fakerlibrary.FakerDataGenerator" time="0.547" errors="0" timestamp="2024-02-29T14:08:04 IST" skipped="0">
  <testcase classname="fakerlibrary.FakerDataGenerator" name="testGenerateData" time="0.547"/>
  <system-out/>
</testsuite> <!-- fakerlibrary.FakerDataGenerator -->
