<?xml version="1.0" encoding="UTF-8"?>
<!-- Generated by org.testng.reporters.JUnitReportReporter -->
<testsuite hostname="DESKTOP-QU7RCDU" failures="0" tests="3" name="authorizations.Authentications" time="10.819" errors="0" timestamp="2024-02-29T12:42:07 IST" skipped="0">
  <testcase classname="authorizations.Authentications" name="testBasicAuthentication" time="7.553"/>
  <system-out/>
  <testcase classname="authorizations.Authentications" name="testDigestAuthentication" time="1.702"/>
  <system-out/>
  <testcase classname="authorizations.Authentications" name="testPreemptiveAuthentication" time="1.564"/>
  <system-out/>
</testsuite> <!-- authorizations.Authentications -->
