<?xml version="1.0" encoding="UTF-8"?>
<!-- Generated by org.testng.reporters.JUnitReportReporter -->
<testsuite hostname="DESKTOP-QU7RCDU" failures="0" tests="1" name="restassuredtraining.PathAndQueryParameters" time="4.009" errors="0" timestamp="2024-02-28T15:17:20 IST" skipped="0">
  <testcase classname="restassuredtraining.PathAndQueryParameters" name="testQueryAndPathPArameters" time="4.009"/>
  <system-out/>
</testsuite> <!-- restassuredtraining.PathAndQueryParameters -->
