<?xml version="1.0" encoding="UTF-8"?>
<!-- Generated by org.testng.reporters.JUnitReportReporter -->
<testsuite hostname="DESKTOP-QU7RCDU" failures="0" tests="4" name="restassuredtraining.HttpRequests" time="4.283" errors="0" timestamp="2024-02-28T12:56:09 IST" skipped="0">
  <testcase classname="restassuredtraining.HttpRequests" name="UpdateUser" time="0.703"/>
  <system-out/>
  <testcase classname="restassuredtraining.HttpRequests" name="getUsers" time="0.206"/>
  <system-out/>
  <testcase classname="restassuredtraining.HttpRequests" name="CreateUser" time="2.956"/>
  <system-out/>
  <testcase classname="restassuredtraining.HttpRequests" name="deleteUser" time="0.418"/>
  <system-out/>
</testsuite> <!-- restassuredtraining.HttpRequests -->
