<?xml version="1.0" encoding="UTF-8"?>
<!-- Generated by org.testng.reporters.JUnitReportReporter -->
<testsuite hostname="DESKTOP-QU7RCDU" failures="0" tests="4" name="restassuredtraining.HttpRequests" time="7.634" errors="0" timestamp="2024-02-28T14:25:01 IST" skipped="0">
  <testcase classname="restassuredtraining.HttpRequests" name="deleteUser" time="0.453"/>
  <system-out/>
  <testcase classname="restassuredtraining.HttpRequests" name="getUsers" time="0.467"/>
  <system-out/>
  <testcase classname="restassuredtraining.HttpRequests" name="CreateUser" time="5.696"/>
  <system-out/>
  <testcase classname="restassuredtraining.HttpRequests" name="UpdateUser" time="1.018"/>
  <system-out/>
</testsuite> <!-- restassuredtraining.HttpRequests -->
