<?xml version="1.0" encoding="UTF-8"?>
<!-- Generated by org.testng.reporters.JUnitReportReporter -->
<testsuite hostname="DESKTOP-QU7RCDU" failures="0" tests="1" name="schemavalidations.JsonSchemaValidation" time="3.463" errors="0" timestamp="2024-02-29T12:06:12 IST" skipped="0">
  <testcase classname="schemavalidations.JsonSchemaValidation" name="jsonschemavalidation" time="3.463"/>
  <system-out/>
</testsuite> <!-- schemavalidations.JsonSchemaValidation -->
