<?xml version="1.0" encoding="UTF-8"?>
<!-- Generated by org.testng.reporters.JUnitReportReporter -->
<testsuite hostname="DESKTOP-QU7RCDU" failures="0" tests="1" name="locationtest.LocationTestAutomation" time="8.785" errors="0" timestamp="2024-03-13T17:38:49 IST" skipped="0">
  <testcase classname="locationtest.LocationTestAutomation" name="deletelocationstest" time="8.785"/>
  <system-out/>
</testsuite> <!-- locationtest.LocationTestAutomation -->
