<?xml version="1.0" encoding="UTF-8"?>
<!-- Generated by org.testng.reporters.JUnitReportReporter -->
<testsuite hostname="DESKTOP-QU7RCDU" failures="0" tests="1" name="locationtest.LocationTestAutomation" time="30.190" errors="0" timestamp="2024-03-18T11:26:44 IST" skipped="0">
  <testcase classname="locationtest.LocationTestAutomation" name="editlocationstest" time="30.190"/>
  <system-out/>
</testsuite> <!-- locationtest.LocationTestAutomation -->
