<?xml version="1.0" encoding="UTF-8"?>
<!-- Generated by org.testng.reporters.JUnitReportReporter -->
<testsuite hostname="DESKTOP-QU7RCDU" failures="0" tests="1" name="locationtest.LocationTestAutomation" time="24.317" errors="0" timestamp="2024-03-20T12:46:31 IST" skipped="0">
  <testcase classname="locationtest.LocationTestAutomation" name="addLocationstest" time="24.317"/>
  <system-out/>
</testsuite> <!-- locationtest.LocationTestAutomation -->
