<?xml version="1.0" encoding="UTF-8"?>
<!-- Generated by org.testng.reporters.JUnitReportReporter -->
<testsuite hostname="DESKTOP-QU7RCDU" failures="0" tests="3" name="locationtest.LocationTestAutomation" time="55.743" errors="0" timestamp="2024-03-15T14:22:36 IST" skipped="0">
  <testcase classname="locationtest.LocationTestAutomation" name="editlocationstest" time="25.240"/>
  <system-out/>
  <testcase classname="locationtest.LocationTestAutomation" name="deletelocationstest" time="8.227"/>
  <system-out/>
  <testcase classname="locationtest.LocationTestAutomation" name="addLocationstest" time="22.276"/>
  <system-out/>
</testsuite> <!-- locationtest.LocationTestAutomation -->
