<?xml version="1.0" encoding="UTF-8"?>
<!-- Generated by org.testng.reporters.JUnitReportReporter -->
<testsuite hostname="DESKTOP-QU7RCDU" failures="0" tests="1" name="permissionandroles.CreatingUserRole" time="20.934" errors="0" timestamp="2024-03-05T12:30:57 IST" skipped="0">
  <testcase classname="permissionandroles.CreatingUserRole" name="testAdminUserRole" time="20.934"/>
  <system-out/>
</testsuite> <!-- permissionandroles.CreatingUserRole -->
