<?xml version="1.0" encoding="UTF-8"?>
<!-- Generated by org.testng.reporters.JUnitReportReporter -->
<testsuite hostname="DESKTOP-QU7RCDU" failures="0" tests="1" name="checkingusers.UserSearchTest" time="22.688" errors="0" timestamp="2024-03-07T10:22:49 IST" skipped="0">
  <testcase classname="checkingusers.UserSearchTest" name="testUserSearch" time="22.688"/>
  <system-out/>
</testsuite> <!-- checkingusers.UserSearchTest -->
