<?xml version="1.0" encoding="UTF-8"?>
<!-- Generated by org.testng.reporters.JUnitReportReporter -->
<testsuite hostname="DESKTOP-QU7RCDU" failures="0" tests="1" name="checkingusers.UserSearchTest" time="21.298" errors="0" timestamp="2024-03-05T15:29:53 IST" skipped="0">
  <testcase classname="checkingusers.UserSearchTest" name="testUserSearch" time="21.298"/>
  <system-out/>
</testsuite> <!-- checkingusers.UserSearchTest -->
