<?xml version="1.0" encoding="UTF-8"?>
<!-- Generated by org.testng.reporters.JUnitReportReporter -->
<testsuite hostname="DESKTOP-QU7RCDU" failures="0" tests="1" name="permissionandroles.PermissionAccess" time="17.333" errors="0" timestamp="2024-03-05T12:38:56 IST" skipped="0">
  <testcase classname="permissionandroles.PermissionAccess" name="testAdminUserRole" time="17.333"/>
  <system-out/>
</testsuite> <!-- permissionandroles.PermissionAccess -->
